Book-Resource/4-AndroidJetpackApplicationGuide/JetpackTest/mvvm/build/intermediates/manifest_merge_blame_file/debug/manifest-merger-blame-debug-report.txt
1<?xml version="1.0" encoding="utf-8"?>
2<manifest xmlns:android="http://schemas.android.com/apk/res/android"
3    package="com.jinxin.mvvm"
4    android:versionCode="1"
5    android:versionName="1.0" >
6
7    <uses-sdk
8        android:minSdkVersion="21"
8-->src\main\AndroidManifest.xml
9        android:targetSdkVersion="29" />
9-->src\main\AndroidManifest.xml
10
11    <uses-permission android:name="android.permission.INTERNET" />
11-->src\main\AndroidManifest.xml:5:5-66
11-->src\main\AndroidManifest.xml:5:22-64
12
13    <application>
13-->src\main\AndroidManifest.xml:6:5-8:19
14        <activity android:name="com.jinxin.mvvm.MainActivity" />
14-->src\main\AndroidManifest.xml:7:9-50
14-->src\main\AndroidManifest.xml:7:19-47
15    </application>
16
17</manifest>